{
	"Name": "doSomething",
	"SpanContext": {
		"TraceID": "8aeac53bbcaea315b0adf7d80fdf10f6",
		"SpanID": "667218dd4eee19c4",
		"TraceFlags": "01",
		"TraceState": "",
		"Remote": false
	},
	"Parent": {
		"TraceID": "8aeac53bbcaea315b0adf7d80fdf10f6",
		"SpanID": "1866b45fda5bad03",
		"TraceFlags": "01",
		"TraceState": "",
		"Remote": false
	},
	"SpanKind": 1,
	"StartTime": "2025-06-01T20:28:27.557606+07:00",
	"EndTime": "2025-06-01T20:28:27.5576065+07:00",
	"Attributes": null,
	"Events": null,
	"Links": null,
	"Status": {
		"Code": "Unset",
		"Description": ""
	},
	"DroppedAttributes": 0,
	"DroppedEvents": 0,
	"DroppedLinks": 0,
	"ChildSpanCount": 0,
	"Resource": [
		{
			"Key": "service.name",
			"Value": {
				"Type": "STRING",
				"Value": "my-gin-service"
			}
		}
	],
	"InstrumentationScope": {
		"Name": "ping-handler",
		"Version": "",
		"SchemaURL": "",
		"Attributes": null
	},
	"InstrumentationLibrary": {
		"Name": "ping-handler",
		"Version": "",
		"SchemaURL": "",
		"Attributes": null
	}
}
{
	"Name": "ping-handler",
	"SpanContext": {
		"TraceID": "8aeac53bbcaea315b0adf7d80fdf10f6",
		"SpanID": "1866b45fda5bad03",
		"TraceFlags": "01",
		"TraceState": "",
		"Remote": false
	},
	"Parent": {
		"TraceID": "8aeac53bbcaea315b0adf7d80fdf10f6",
		"SpanID": "15845e6123d71179",
		"TraceFlags": "01",
		"TraceState": "",
		"Remote": false
	},
	"SpanKind": 1,
	"StartTime": "2025-06-01T20:28:27.557602+07:00",
	"EndTime": "2025-06-01T20:28:27.557683041+07:00",
	"Attributes": [
		{
			"Key": "custom.key",
			"Value": {
				"Type": "STRING",
				"Value": "custom value"
			}
		}
	],
	"Events": null,
	"Links": null,
	"Status": {
		"Code": "Unset",
		"Description": ""
	},
	"DroppedAttributes": 0,
	"DroppedEvents": 0,
	"DroppedLinks": 0,
	"ChildSpanCount": 1,
	"Resource": [
		{
			"Key": "service.name",
			"Value": {
				"Type": "STRING",
				"Value": "my-gin-service"
			}
		}
	],
	"InstrumentationScope": {
		"Name": "ping-handler",
		"Version": "",
		"SchemaURL": "",
		"Attributes": null
	},
	"InstrumentationLibrary": {
		"Name": "ping-handler",
		"Version": "",
		"SchemaURL": "",
		"Attributes": null
	}
}
{
	"Name": "GET /ping",
	"SpanContext": {
		"TraceID": "8aeac53bbcaea315b0adf7d80fdf10f6",
		"SpanID": "15845e6123d71179",
		"TraceFlags": "01",
		"TraceState": "",
		"Remote": false
	},
	"Parent": {
		"TraceID": "00000000000000000000000000000000",
		"SpanID": "0000000000000000",
		"TraceFlags": "00",
		"TraceState": "",
		"Remote": false
	},
	"SpanKind": 2,
	"StartTime": "2025-06-01T20:28:27.557573+07:00",
	"EndTime": "2025-06-01T20:28:27.557700584+07:00",
	"Attributes": [
		{
			"Key": "server.address",
			"Value": {
				"Type": "STRING",
				"Value": "my-gin-service"
			}
		},
		{
			"Key": "http.request.method",
			"Value": {
				"Type": "STRING",
				"Value": "GET"
			}
		},
		{
			"Key": "url.scheme",
			"Value": {
				"Type": "STRING",
				"Value": "http"
			}
		},
		{
			"Key": "server.port",
			"Value": {
				"Type": "INT64",
				"Value": 8080
			}
		},
		{
			"Key": "network.peer.address",
			"Value": {
				"Type": "STRING",
				"Value": "::1"
			}
		},
		{
			"Key": "network.peer.port",
			"Value": {
				"Type": "INT64",
				"Value": 52554
			}
		},
		{
			"Key": "user_agent.original",
			"Value": {
				"Type": "STRING",
				"Value": "Mozilla/5.0 (Macintosh; Intel Mac OS X 10_15_7) AppleWebKit/537.36 (KHTML, like Gecko) Chrome/136.0.0.0 Safari/537.36"
			}
		},
		{
			"Key": "client.address",
			"Value": {
				"Type": "STRING",
				"Value": "::1"
			}
		},
		{
			"Key": "url.path",
			"Value": {
				"Type": "STRING",
				"Value": "/ping"
			}
		},
		{
			"Key": "network.protocol.version",
			"Value": {
				"Type": "STRING",
				"Value": "1.1"
			}
		},
		{
			"Key": "http.route",
			"Value": {
				"Type": "STRING",
				"Value": "/ping"
			}
		},
		{
			"Key": "http.status_code",
			"Value": {
				"Type": "INT64",
				"Value": 200
			}
		}
	],
	"Events": null,
	"Links": null,
	"Status": {
		"Code": "Unset",
		"Description": ""
	},
	"DroppedAttributes": 0,
	"DroppedEvents": 0,
	"DroppedLinks": 0,
	"ChildSpanCount": 1,
	"Resource": [
		{
			"Key": "service.name",
			"Value": {
				"Type": "STRING",
				"Value": "my-gin-service"
			}
		}
	],
	"InstrumentationScope": {
		"Name": "go.opentelemetry.io/contrib/instrumentation/github.com/gin-gonic/gin/otelgin",
		"Version": "0.61.0",
		"SchemaURL": "",
		"Attributes": null
	},
	"InstrumentationLibrary": {
		"Name": "go.opentelemetry.io/contrib/instrumentation/github.com/gin-gonic/gin/otelgin",
		"Version": "0.61.0",
		"SchemaURL": "",
		"Attributes": null
	}
}
